\BOOKMARK [1][-]{section.0.1}{\376\377\000E\000n\000z\000y\000m\000e\000s\000:\000\040\000[\000A\000l\000d\000o\000s\000e\000-\000K\000e\000t\000o\000s\000e\000\040\000t\000e\000x\000t\000l\000e\000s\000s\000-\000\050\0000\000\051\000]\000\040}{}% 1
\BOOKMARK [1][-]{section.0.2}{\376\377\000F\000l\000o\000w\000\040\000S\000o\000l\000u\000t\000i\000o\000n\000s\000,\000\040\000i\000d\000\040\0000}{}% 2
\BOOKMARK [2][-]{subsection.0.2.1}{\376\377\000S\000o\000l\000u\000t\000i\000o\000n\000\040\0000}{section.0.2}% 3
\BOOKMARK [1][-]{section.0.3}{\376\377\000E\000n\000z\000y\000m\000e\000s\000:\000\040\000[\000A\000l\000d\000o\000s\000e\000-\000K\000e\000t\000o\000s\000e\000\040\000-\000t\000e\000x\000t\000g\000r\000e\000a\000t\000e\000r\000\050\0001\000\051\000]\000\040}{}% 4
\BOOKMARK [1][-]{section.0.4}{\376\377\000F\000l\000o\000w\000\040\000S\000o\000l\000u\000t\000i\000o\000n\000s\000,\000\040\000i\000d\000\040\0001}{}% 5
\BOOKMARK [2][-]{subsection.0.4.1}{\376\377\000S\000o\000l\000u\000t\000i\000o\000n\000\040\0000}{section.0.4}% 6
\BOOKMARK [1][-]{section.0.5}{\376\377\000E\000n\000z\000y\000m\000e\000s\000:\000\040\000[\000T\000r\000a\000n\000s\000k\000e\000t\000o\000l\000a\000s\000e\000\050\0002\000\051\000]\000\040}{}% 7
\BOOKMARK [1][-]{section.0.6}{\376\377\000F\000l\000o\000w\000\040\000S\000o\000l\000u\000t\000i\000o\000n\000s\000,\000\040\000i\000d\000\040\0002}{}% 8
\BOOKMARK [2][-]{subsection.0.6.1}{\376\377\000S\000o\000l\000u\000t\000i\000o\000n\000\040\0000}{section.0.6}% 9
\BOOKMARK [1][-]{section.0.7}{\376\377\000E\000n\000z\000y\000m\000e\000s\000:\000\040\000[\000T\000r\000a\000n\000s\000a\000l\000d\000o\000l\000a\000s\000e\000\050\0003\000\051\000]\000\040}{}% 10
\BOOKMARK [1][-]{section.0.8}{\376\377\000F\000l\000o\000w\000\040\000S\000o\000l\000u\000t\000i\000o\000n\000s\000,\000\040\000i\000d\000\040\0003}{}% 11
\BOOKMARK [2][-]{subsection.0.8.1}{\376\377\000S\000o\000l\000u\000t\000i\000o\000n\000\040\0000}{section.0.8}% 12
\BOOKMARK [1][-]{section.0.9}{\376\377\000E\000n\000z\000y\000m\000e\000s\000:\000\040\000[\000A\000l\000d\000o\000l\000a\000s\000e\000\050\0004\000\051\000]\000\040}{}% 13
\BOOKMARK [1][-]{section.0.10}{\376\377\000F\000l\000o\000w\000\040\000S\000o\000l\000u\000t\000i\000o\000n\000s\000,\000\040\000i\000d\000\040\0004}{}% 14
\BOOKMARK [2][-]{subsection.0.10.1}{\376\377\000S\000o\000l\000u\000t\000i\000o\000n\000\040\0000}{section.0.10}% 15
\BOOKMARK [1][-]{section.0.11}{\376\377\000E\000n\000z\000y\000m\000e\000s\000:\000\040\000[\000P\000h\000o\000p\000h\000o\000h\000y\000d\000r\000o\000l\000a\000s\000e\000\050\0005\000\051\000]\000\040}{}% 16
\BOOKMARK [1][-]{section.0.12}{\376\377\000F\000l\000o\000w\000\040\000S\000o\000l\000u\000t\000i\000o\000n\000s\000,\000\040\000i\000d\000\040\0005}{}% 17
\BOOKMARK [2][-]{subsection.0.12.1}{\376\377\000S\000o\000l\000u\000t\000i\000o\000n\000\040\0000}{section.0.12}% 18
\BOOKMARK [1][-]{section.0.13}{\376\377\000E\000n\000z\000y\000m\000e\000s\000:\000\040\000[\000A\000l\000d\000o\000s\000e\000-\000K\000e\000t\000o\000s\000e\000\040\000t\000e\000x\000t\000l\000e\000s\000s\000-\000\050\0000\000\051\000,\000\040\000A\000l\000d\000o\000s\000e\000-\000K\000e\000t\000o\000s\000e\000\040\000-\000t\000e\000x\000t\000g\000r\000e\000a\000t\000e\000r\000\050\0001\000\051\000]\000\040}{}% 19
\BOOKMARK [1][-]{section.0.14}{\376\377\000F\000l\000o\000w\000\040\000S\000o\000l\000u\000t\000i\000o\000n\000s\000,\000\040\000i\000d\000\040\0006}{}% 20
\BOOKMARK [2][-]{subsection.0.14.1}{\376\377\000S\000o\000l\000u\000t\000i\000o\000n\000\040\0000}{section.0.14}% 21
\BOOKMARK [1][-]{section.0.15}{\376\377\000E\000n\000z\000y\000m\000e\000s\000:\000\040\000[\000A\000l\000d\000o\000s\000e\000-\000K\000e\000t\000o\000s\000e\000\040\000t\000e\000x\000t\000l\000e\000s\000s\000-\000\050\0000\000\051\000,\000\040\000T\000r\000a\000n\000s\000k\000e\000t\000o\000l\000a\000s\000e\000\050\0002\000\051\000]\000\040}{}% 22
\BOOKMARK [1][-]{section.0.16}{\376\377\000F\000l\000o\000w\000\040\000S\000o\000l\000u\000t\000i\000o\000n\000s\000,\000\040\000i\000d\000\040\0007}{}% 23
\BOOKMARK [2][-]{subsection.0.16.1}{\376\377\000S\000o\000l\000u\000t\000i\000o\000n\000\040\0000}{section.0.16}% 24
\BOOKMARK [1][-]{section.0.17}{\376\377\000E\000n\000z\000y\000m\000e\000s\000:\000\040\000[\000A\000l\000d\000o\000s\000e\000-\000K\000e\000t\000o\000s\000e\000\040\000t\000e\000x\000t\000l\000e\000s\000s\000-\000\050\0000\000\051\000,\000\040\000T\000r\000a\000n\000s\000a\000l\000d\000o\000l\000a\000s\000e\000\050\0003\000\051\000]\000\040}{}% 25
\BOOKMARK [1][-]{section.0.18}{\376\377\000F\000l\000o\000w\000\040\000S\000o\000l\000u\000t\000i\000o\000n\000s\000,\000\040\000i\000d\000\040\0008}{}% 26
\BOOKMARK [2][-]{subsection.0.18.1}{\376\377\000S\000o\000l\000u\000t\000i\000o\000n\000\040\0000}{section.0.18}% 27
\BOOKMARK [1][-]{section.0.19}{\376\377\000E\000n\000z\000y\000m\000e\000s\000:\000\040\000[\000A\000l\000d\000o\000s\000e\000-\000K\000e\000t\000o\000s\000e\000\040\000t\000e\000x\000t\000l\000e\000s\000s\000-\000\050\0000\000\051\000,\000\040\000A\000l\000d\000o\000l\000a\000s\000e\000\050\0004\000\051\000]\000\040}{}% 28
\BOOKMARK [1][-]{section.0.20}{\376\377\000F\000l\000o\000w\000\040\000S\000o\000l\000u\000t\000i\000o\000n\000s\000,\000\040\000i\000d\000\040\0009}{}% 29
\BOOKMARK [2][-]{subsection.0.20.1}{\376\377\000S\000o\000l\000u\000t\000i\000o\000n\000\040\0000}{section.0.20}% 30
\BOOKMARK [1][-]{section.0.21}{\376\377\000E\000n\000z\000y\000m\000e\000s\000:\000\040\000[\000A\000l\000d\000o\000s\000e\000-\000K\000e\000t\000o\000s\000e\000\040\000t\000e\000x\000t\000l\000e\000s\000s\000-\000\050\0000\000\051\000,\000\040\000P\000h\000o\000p\000h\000o\000h\000y\000d\000r\000o\000l\000a\000s\000e\000\050\0005\000\051\000]\000\040}{}% 31
\BOOKMARK [1][-]{section.0.22}{\376\377\000F\000l\000o\000w\000\040\000S\000o\000l\000u\000t\000i\000o\000n\000s\000,\000\040\000i\000d\000\040\0001\0000}{}% 32
\BOOKMARK [2][-]{subsection.0.22.1}{\376\377\000S\000o\000l\000u\000t\000i\000o\000n\000\040\0000}{section.0.22}% 33
\BOOKMARK [1][-]{section.0.23}{\376\377\000E\000n\000z\000y\000m\000e\000s\000:\000\040\000[\000A\000l\000d\000o\000s\000e\000-\000K\000e\000t\000o\000s\000e\000\040\000-\000t\000e\000x\000t\000g\000r\000e\000a\000t\000e\000r\000\050\0001\000\051\000,\000\040\000T\000r\000a\000n\000s\000k\000e\000t\000o\000l\000a\000s\000e\000\050\0002\000\051\000]\000\040}{}% 34
\BOOKMARK [1][-]{section.0.24}{\376\377\000F\000l\000o\000w\000\040\000S\000o\000l\000u\000t\000i\000o\000n\000s\000,\000\040\000i\000d\000\040\0001\0001}{}% 35
\BOOKMARK [2][-]{subsection.0.24.1}{\376\377\000S\000o\000l\000u\000t\000i\000o\000n\000\040\0000}{section.0.24}% 36
\BOOKMARK [1][-]{section.0.25}{\376\377\000E\000n\000z\000y\000m\000e\000s\000:\000\040\000[\000A\000l\000d\000o\000s\000e\000-\000K\000e\000t\000o\000s\000e\000\040\000-\000t\000e\000x\000t\000g\000r\000e\000a\000t\000e\000r\000\050\0001\000\051\000,\000\040\000T\000r\000a\000n\000s\000a\000l\000d\000o\000l\000a\000s\000e\000\050\0003\000\051\000]\000\040}{}% 37
\BOOKMARK [1][-]{section.0.26}{\376\377\000F\000l\000o\000w\000\040\000S\000o\000l\000u\000t\000i\000o\000n\000s\000,\000\040\000i\000d\000\040\0001\0002}{}% 38
\BOOKMARK [2][-]{subsection.0.26.1}{\376\377\000S\000o\000l\000u\000t\000i\000o\000n\000\040\0000}{section.0.26}% 39
\BOOKMARK [1][-]{section.0.27}{\376\377\000E\000n\000z\000y\000m\000e\000s\000:\000\040\000[\000A\000l\000d\000o\000s\000e\000-\000K\000e\000t\000o\000s\000e\000\040\000-\000t\000e\000x\000t\000g\000r\000e\000a\000t\000e\000r\000\050\0001\000\051\000,\000\040\000A\000l\000d\000o\000l\000a\000s\000e\000\050\0004\000\051\000]\000\040}{}% 40
\BOOKMARK [1][-]{section.0.28}{\376\377\000F\000l\000o\000w\000\040\000S\000o\000l\000u\000t\000i\000o\000n\000s\000,\000\040\000i\000d\000\040\0001\0003}{}% 41
\BOOKMARK [2][-]{subsection.0.28.1}{\376\377\000S\000o\000l\000u\000t\000i\000o\000n\000\040\0000}{section.0.28}% 42
\BOOKMARK [1][-]{section.0.29}{\376\377\000E\000n\000z\000y\000m\000e\000s\000:\000\040\000[\000A\000l\000d\000o\000s\000e\000-\000K\000e\000t\000o\000s\000e\000\040\000-\000t\000e\000x\000t\000g\000r\000e\000a\000t\000e\000r\000\050\0001\000\051\000,\000\040\000P\000h\000o\000p\000h\000o\000h\000y\000d\000r\000o\000l\000a\000s\000e\000\050\0005\000\051\000]\000\040}{}% 43
\BOOKMARK [1][-]{section.0.30}{\376\377\000F\000l\000o\000w\000\040\000S\000o\000l\000u\000t\000i\000o\000n\000s\000,\000\040\000i\000d\000\040\0001\0004}{}% 44
\BOOKMARK [2][-]{subsection.0.30.1}{\376\377\000S\000o\000l\000u\000t\000i\000o\000n\000\040\0000}{section.0.30}% 45
\BOOKMARK [1][-]{section.0.31}{\376\377\000E\000n\000z\000y\000m\000e\000s\000:\000\040\000[\000T\000r\000a\000n\000s\000k\000e\000t\000o\000l\000a\000s\000e\000\050\0002\000\051\000,\000\040\000T\000r\000a\000n\000s\000a\000l\000d\000o\000l\000a\000s\000e\000\050\0003\000\051\000]\000\040}{}% 46
\BOOKMARK [1][-]{section.0.32}{\376\377\000F\000l\000o\000w\000\040\000S\000o\000l\000u\000t\000i\000o\000n\000s\000,\000\040\000i\000d\000\040\0001\0005}{}% 47
\BOOKMARK [2][-]{subsection.0.32.1}{\376\377\000S\000o\000l\000u\000t\000i\000o\000n\000\040\0000}{section.0.32}% 48
\BOOKMARK [1][-]{section.0.33}{\376\377\000E\000n\000z\000y\000m\000e\000s\000:\000\040\000[\000T\000r\000a\000n\000s\000k\000e\000t\000o\000l\000a\000s\000e\000\050\0002\000\051\000,\000\040\000A\000l\000d\000o\000l\000a\000s\000e\000\050\0004\000\051\000]\000\040}{}% 49
\BOOKMARK [1][-]{section.0.34}{\376\377\000F\000l\000o\000w\000\040\000S\000o\000l\000u\000t\000i\000o\000n\000s\000,\000\040\000i\000d\000\040\0001\0006}{}% 50
\BOOKMARK [2][-]{subsection.0.34.1}{\376\377\000S\000o\000l\000u\000t\000i\000o\000n\000\040\0000}{section.0.34}% 51
\BOOKMARK [1][-]{section.0.35}{\376\377\000E\000n\000z\000y\000m\000e\000s\000:\000\040\000[\000T\000r\000a\000n\000s\000k\000e\000t\000o\000l\000a\000s\000e\000\050\0002\000\051\000,\000\040\000P\000h\000o\000p\000h\000o\000h\000y\000d\000r\000o\000l\000a\000s\000e\000\050\0005\000\051\000]\000\040}{}% 52
\BOOKMARK [1][-]{section.0.36}{\376\377\000F\000l\000o\000w\000\040\000S\000o\000l\000u\000t\000i\000o\000n\000s\000,\000\040\000i\000d\000\040\0001\0007}{}% 53
\BOOKMARK [2][-]{subsection.0.36.1}{\376\377\000S\000o\000l\000u\000t\000i\000o\000n\000\040\0000}{section.0.36}% 54
\BOOKMARK [1][-]{section.0.37}{\376\377\000E\000n\000z\000y\000m\000e\000s\000:\000\040\000[\000T\000r\000a\000n\000s\000a\000l\000d\000o\000l\000a\000s\000e\000\050\0003\000\051\000,\000\040\000A\000l\000d\000o\000l\000a\000s\000e\000\050\0004\000\051\000]\000\040}{}% 55
\BOOKMARK [1][-]{section.0.38}{\376\377\000F\000l\000o\000w\000\040\000S\000o\000l\000u\000t\000i\000o\000n\000s\000,\000\040\000i\000d\000\040\0001\0008}{}% 56
\BOOKMARK [2][-]{subsection.0.38.1}{\376\377\000S\000o\000l\000u\000t\000i\000o\000n\000\040\0000}{section.0.38}% 57
\BOOKMARK [1][-]{section.0.39}{\376\377\000E\000n\000z\000y\000m\000e\000s\000:\000\040\000[\000T\000r\000a\000n\000s\000a\000l\000d\000o\000l\000a\000s\000e\000\050\0003\000\051\000,\000\040\000P\000h\000o\000p\000h\000o\000h\000y\000d\000r\000o\000l\000a\000s\000e\000\050\0005\000\051\000]\000\040}{}% 58
\BOOKMARK [1][-]{section.0.40}{\376\377\000F\000l\000o\000w\000\040\000S\000o\000l\000u\000t\000i\000o\000n\000s\000,\000\040\000i\000d\000\040\0001\0009}{}% 59
\BOOKMARK [2][-]{subsection.0.40.1}{\376\377\000S\000o\000l\000u\000t\000i\000o\000n\000\040\0000}{section.0.40}% 60
\BOOKMARK [1][-]{section.0.41}{\376\377\000E\000n\000z\000y\000m\000e\000s\000:\000\040\000[\000A\000l\000d\000o\000l\000a\000s\000e\000\050\0004\000\051\000,\000\040\000P\000h\000o\000p\000h\000o\000h\000y\000d\000r\000o\000l\000a\000s\000e\000\050\0005\000\051\000]\000\040}{}% 61
\BOOKMARK [1][-]{section.0.42}{\376\377\000F\000l\000o\000w\000\040\000S\000o\000l\000u\000t\000i\000o\000n\000s\000,\000\040\000i\000d\000\040\0002\0000}{}% 62
\BOOKMARK [2][-]{subsection.0.42.1}{\376\377\000S\000o\000l\000u\000t\000i\000o\000n\000\040\0000}{section.0.42}% 63
\BOOKMARK [1][-]{section.0.43}{\376\377\000E\000n\000z\000y\000m\000e\000s\000:\000\040\000[\000A\000l\000d\000o\000s\000e\000-\000K\000e\000t\000o\000s\000e\000\040\000t\000e\000x\000t\000l\000e\000s\000s\000-\000\050\0000\000\051\000,\000\040\000A\000l\000d\000o\000s\000e\000-\000K\000e\000t\000o\000s\000e\000\040\000-\000t\000e\000x\000t\000g\000r\000e\000a\000t\000e\000r\000\050\0001\000\051\000,\000\040\000T\000r\000a\000n\000s\000k\000e\000t\000o\000l\000a\000s\000e\000\050\0002\000\051\000]\000\040}{}% 64
\BOOKMARK [1][-]{section.0.44}{\376\377\000F\000l\000o\000w\000\040\000S\000o\000l\000u\000t\000i\000o\000n\000s\000,\000\040\000i\000d\000\040\0002\0001}{}% 65
\BOOKMARK [2][-]{subsection.0.44.1}{\376\377\000S\000o\000l\000u\000t\000i\000o\000n\000\040\0000}{section.0.44}% 66
\BOOKMARK [1][-]{section.0.45}{\376\377\000E\000n\000z\000y\000m\000e\000s\000:\000\040\000[\000A\000l\000d\000o\000s\000e\000-\000K\000e\000t\000o\000s\000e\000\040\000t\000e\000x\000t\000l\000e\000s\000s\000-\000\050\0000\000\051\000,\000\040\000A\000l\000d\000o\000s\000e\000-\000K\000e\000t\000o\000s\000e\000\040\000-\000t\000e\000x\000t\000g\000r\000e\000a\000t\000e\000r\000\050\0001\000\051\000,\000\040\000T\000r\000a\000n\000s\000a\000l\000d\000o\000l\000a\000s\000e\000\050\0003\000\051\000]\000\040}{}% 67
\BOOKMARK [1][-]{section.0.46}{\376\377\000F\000l\000o\000w\000\040\000S\000o\000l\000u\000t\000i\000o\000n\000s\000,\000\040\000i\000d\000\040\0002\0002}{}% 68
\BOOKMARK [2][-]{subsection.0.46.1}{\376\377\000S\000o\000l\000u\000t\000i\000o\000n\000\040\0000}{section.0.46}% 69
\BOOKMARK [1][-]{section.0.47}{\376\377\000E\000n\000z\000y\000m\000e\000s\000:\000\040\000[\000A\000l\000d\000o\000s\000e\000-\000K\000e\000t\000o\000s\000e\000\040\000t\000e\000x\000t\000l\000e\000s\000s\000-\000\050\0000\000\051\000,\000\040\000A\000l\000d\000o\000s\000e\000-\000K\000e\000t\000o\000s\000e\000\040\000-\000t\000e\000x\000t\000g\000r\000e\000a\000t\000e\000r\000\050\0001\000\051\000,\000\040\000A\000l\000d\000o\000l\000a\000s\000e\000\050\0004\000\051\000]\000\040}{}% 70
\BOOKMARK [1][-]{section.0.48}{\376\377\000F\000l\000o\000w\000\040\000S\000o\000l\000u\000t\000i\000o\000n\000s\000,\000\040\000i\000d\000\040\0002\0003}{}% 71
\BOOKMARK [2][-]{subsection.0.48.1}{\376\377\000S\000o\000l\000u\000t\000i\000o\000n\000\040\0000}{section.0.48}% 72
\BOOKMARK [1][-]{section.0.49}{\376\377\000E\000n\000z\000y\000m\000e\000s\000:\000\040\000[\000A\000l\000d\000o\000s\000e\000-\000K\000e\000t\000o\000s\000e\000\040\000t\000e\000x\000t\000l\000e\000s\000s\000-\000\050\0000\000\051\000,\000\040\000A\000l\000d\000o\000s\000e\000-\000K\000e\000t\000o\000s\000e\000\040\000-\000t\000e\000x\000t\000g\000r\000e\000a\000t\000e\000r\000\050\0001\000\051\000,\000\040\000P\000h\000o\000p\000h\000o\000h\000y\000d\000r\000o\000l\000a\000s\000e\000\050\0005\000\051\000]\000\040}{}% 73
\BOOKMARK [1][-]{section.0.50}{\376\377\000F\000l\000o\000w\000\040\000S\000o\000l\000u\000t\000i\000o\000n\000s\000,\000\040\000i\000d\000\040\0002\0004}{}% 74
\BOOKMARK [2][-]{subsection.0.50.1}{\376\377\000S\000o\000l\000u\000t\000i\000o\000n\000\040\0000}{section.0.50}% 75
\BOOKMARK [1][-]{section.0.51}{\376\377\000E\000n\000z\000y\000m\000e\000s\000:\000\040\000[\000A\000l\000d\000o\000s\000e\000-\000K\000e\000t\000o\000s\000e\000\040\000t\000e\000x\000t\000l\000e\000s\000s\000-\000\050\0000\000\051\000,\000\040\000T\000r\000a\000n\000s\000k\000e\000t\000o\000l\000a\000s\000e\000\050\0002\000\051\000,\000\040\000T\000r\000a\000n\000s\000a\000l\000d\000o\000l\000a\000s\000e\000\050\0003\000\051\000]\000\040}{}% 76
\BOOKMARK [1][-]{section.0.52}{\376\377\000F\000l\000o\000w\000\040\000S\000o\000l\000u\000t\000i\000o\000n\000s\000,\000\040\000i\000d\000\040\0002\0005}{}% 77
\BOOKMARK [2][-]{subsection.0.52.1}{\376\377\000S\000o\000l\000u\000t\000i\000o\000n\000\040\0000}{section.0.52}% 78
\BOOKMARK [1][-]{section.0.53}{\376\377\000E\000n\000z\000y\000m\000e\000s\000:\000\040\000[\000A\000l\000d\000o\000s\000e\000-\000K\000e\000t\000o\000s\000e\000\040\000t\000e\000x\000t\000l\000e\000s\000s\000-\000\050\0000\000\051\000,\000\040\000T\000r\000a\000n\000s\000k\000e\000t\000o\000l\000a\000s\000e\000\050\0002\000\051\000,\000\040\000A\000l\000d\000o\000l\000a\000s\000e\000\050\0004\000\051\000]\000\040}{}% 79
\BOOKMARK [1][-]{section.0.54}{\376\377\000F\000l\000o\000w\000\040\000S\000o\000l\000u\000t\000i\000o\000n\000s\000,\000\040\000i\000d\000\040\0002\0006}{}% 80
\BOOKMARK [2][-]{subsection.0.54.1}{\376\377\000S\000o\000l\000u\000t\000i\000o\000n\000\040\0000}{section.0.54}% 81
\BOOKMARK [1][-]{section.0.55}{\376\377\000E\000n\000z\000y\000m\000e\000s\000:\000\040\000[\000A\000l\000d\000o\000s\000e\000-\000K\000e\000t\000o\000s\000e\000\040\000t\000e\000x\000t\000l\000e\000s\000s\000-\000\050\0000\000\051\000,\000\040\000T\000r\000a\000n\000s\000k\000e\000t\000o\000l\000a\000s\000e\000\050\0002\000\051\000,\000\040\000P\000h\000o\000p\000h\000o\000h\000y\000d\000r\000o\000l\000a\000s\000e\000\050\0005\000\051\000]\000\040}{}% 82
\BOOKMARK [1][-]{section.0.56}{\376\377\000F\000l\000o\000w\000\040\000S\000o\000l\000u\000t\000i\000o\000n\000s\000,\000\040\000i\000d\000\040\0002\0007}{}% 83
\BOOKMARK [2][-]{subsection.0.56.1}{\376\377\000S\000o\000l\000u\000t\000i\000o\000n\000\040\0000}{section.0.56}% 84
\BOOKMARK [1][-]{section.0.57}{\376\377\000E\000n\000z\000y\000m\000e\000s\000:\000\040\000[\000A\000l\000d\000o\000s\000e\000-\000K\000e\000t\000o\000s\000e\000\040\000t\000e\000x\000t\000l\000e\000s\000s\000-\000\050\0000\000\051\000,\000\040\000T\000r\000a\000n\000s\000a\000l\000d\000o\000l\000a\000s\000e\000\050\0003\000\051\000,\000\040\000A\000l\000d\000o\000l\000a\000s\000e\000\050\0004\000\051\000]\000\040}{}% 85
\BOOKMARK [1][-]{section.0.58}{\376\377\000F\000l\000o\000w\000\040\000S\000o\000l\000u\000t\000i\000o\000n\000s\000,\000\040\000i\000d\000\040\0002\0008}{}% 86
\BOOKMARK [2][-]{subsection.0.58.1}{\376\377\000S\000o\000l\000u\000t\000i\000o\000n\000\040\0000}{section.0.58}% 87
\BOOKMARK [1][-]{section.0.59}{\376\377\000E\000n\000z\000y\000m\000e\000s\000:\000\040\000[\000A\000l\000d\000o\000s\000e\000-\000K\000e\000t\000o\000s\000e\000\040\000t\000e\000x\000t\000l\000e\000s\000s\000-\000\050\0000\000\051\000,\000\040\000T\000r\000a\000n\000s\000a\000l\000d\000o\000l\000a\000s\000e\000\050\0003\000\051\000,\000\040\000P\000h\000o\000p\000h\000o\000h\000y\000d\000r\000o\000l\000a\000s\000e\000\050\0005\000\051\000]\000\040}{}% 88
\BOOKMARK [1][-]{section.0.60}{\376\377\000F\000l\000o\000w\000\040\000S\000o\000l\000u\000t\000i\000o\000n\000s\000,\000\040\000i\000d\000\040\0002\0009}{}% 89
\BOOKMARK [2][-]{subsection.0.60.1}{\376\377\000S\000o\000l\000u\000t\000i\000o\000n\000\040\0000}{section.0.60}% 90
\BOOKMARK [1][-]{section.0.61}{\376\377\000E\000n\000z\000y\000m\000e\000s\000:\000\040\000[\000A\000l\000d\000o\000s\000e\000-\000K\000e\000t\000o\000s\000e\000\040\000t\000e\000x\000t\000l\000e\000s\000s\000-\000\050\0000\000\051\000,\000\040\000A\000l\000d\000o\000l\000a\000s\000e\000\050\0004\000\051\000,\000\040\000P\000h\000o\000p\000h\000o\000h\000y\000d\000r\000o\000l\000a\000s\000e\000\050\0005\000\051\000]\000\040}{}% 91
\BOOKMARK [1][-]{section.0.62}{\376\377\000F\000l\000o\000w\000\040\000S\000o\000l\000u\000t\000i\000o\000n\000s\000,\000\040\000i\000d\000\040\0003\0000}{}% 92
\BOOKMARK [2][-]{subsection.0.62.1}{\376\377\000S\000o\000l\000u\000t\000i\000o\000n\000\040\0000}{section.0.62}% 93
\BOOKMARK [1][-]{section.0.63}{\376\377\000E\000n\000z\000y\000m\000e\000s\000:\000\040\000[\000A\000l\000d\000o\000s\000e\000-\000K\000e\000t\000o\000s\000e\000\040\000-\000t\000e\000x\000t\000g\000r\000e\000a\000t\000e\000r\000\050\0001\000\051\000,\000\040\000T\000r\000a\000n\000s\000k\000e\000t\000o\000l\000a\000s\000e\000\050\0002\000\051\000,\000\040\000T\000r\000a\000n\000s\000a\000l\000d\000o\000l\000a\000s\000e\000\050\0003\000\051\000]\000\040}{}% 94
\BOOKMARK [1][-]{section.0.64}{\376\377\000F\000l\000o\000w\000\040\000S\000o\000l\000u\000t\000i\000o\000n\000s\000,\000\040\000i\000d\000\040\0003\0001}{}% 95
\BOOKMARK [2][-]{subsection.0.64.1}{\376\377\000S\000o\000l\000u\000t\000i\000o\000n\000\040\0000}{section.0.64}% 96
\BOOKMARK [1][-]{section.0.65}{\376\377\000E\000n\000z\000y\000m\000e\000s\000:\000\040\000[\000A\000l\000d\000o\000s\000e\000-\000K\000e\000t\000o\000s\000e\000\040\000-\000t\000e\000x\000t\000g\000r\000e\000a\000t\000e\000r\000\050\0001\000\051\000,\000\040\000T\000r\000a\000n\000s\000k\000e\000t\000o\000l\000a\000s\000e\000\050\0002\000\051\000,\000\040\000A\000l\000d\000o\000l\000a\000s\000e\000\050\0004\000\051\000]\000\040}{}% 97
\BOOKMARK [1][-]{section.0.66}{\376\377\000F\000l\000o\000w\000\040\000S\000o\000l\000u\000t\000i\000o\000n\000s\000,\000\040\000i\000d\000\040\0003\0002}{}% 98
\BOOKMARK [2][-]{subsection.0.66.1}{\376\377\000S\000o\000l\000u\000t\000i\000o\000n\000\040\0000}{section.0.66}% 99
\BOOKMARK [1][-]{section.0.67}{\376\377\000E\000n\000z\000y\000m\000e\000s\000:\000\040\000[\000A\000l\000d\000o\000s\000e\000-\000K\000e\000t\000o\000s\000e\000\040\000-\000t\000e\000x\000t\000g\000r\000e\000a\000t\000e\000r\000\050\0001\000\051\000,\000\040\000T\000r\000a\000n\000s\000k\000e\000t\000o\000l\000a\000s\000e\000\050\0002\000\051\000,\000\040\000P\000h\000o\000p\000h\000o\000h\000y\000d\000r\000o\000l\000a\000s\000e\000\050\0005\000\051\000]\000\040}{}% 100
\BOOKMARK [1][-]{section.0.68}{\376\377\000F\000l\000o\000w\000\040\000S\000o\000l\000u\000t\000i\000o\000n\000s\000,\000\040\000i\000d\000\040\0003\0003}{}% 101
\BOOKMARK [2][-]{subsection.0.68.1}{\376\377\000S\000o\000l\000u\000t\000i\000o\000n\000\040\0000}{section.0.68}% 102
\BOOKMARK [1][-]{section.0.69}{\376\377\000E\000n\000z\000y\000m\000e\000s\000:\000\040\000[\000A\000l\000d\000o\000s\000e\000-\000K\000e\000t\000o\000s\000e\000\040\000-\000t\000e\000x\000t\000g\000r\000e\000a\000t\000e\000r\000\050\0001\000\051\000,\000\040\000T\000r\000a\000n\000s\000a\000l\000d\000o\000l\000a\000s\000e\000\050\0003\000\051\000,\000\040\000A\000l\000d\000o\000l\000a\000s\000e\000\050\0004\000\051\000]\000\040}{}% 103
\BOOKMARK [1][-]{section.0.70}{\376\377\000F\000l\000o\000w\000\040\000S\000o\000l\000u\000t\000i\000o\000n\000s\000,\000\040\000i\000d\000\040\0003\0004}{}% 104
\BOOKMARK [2][-]{subsection.0.70.1}{\376\377\000S\000o\000l\000u\000t\000i\000o\000n\000\040\0000}{section.0.70}% 105
\BOOKMARK [1][-]{section.0.71}{\376\377\000E\000n\000z\000y\000m\000e\000s\000:\000\040\000[\000A\000l\000d\000o\000s\000e\000-\000K\000e\000t\000o\000s\000e\000\040\000-\000t\000e\000x\000t\000g\000r\000e\000a\000t\000e\000r\000\050\0001\000\051\000,\000\040\000T\000r\000a\000n\000s\000a\000l\000d\000o\000l\000a\000s\000e\000\050\0003\000\051\000,\000\040\000P\000h\000o\000p\000h\000o\000h\000y\000d\000r\000o\000l\000a\000s\000e\000\050\0005\000\051\000]\000\040}{}% 106
\BOOKMARK [1][-]{section.0.72}{\376\377\000F\000l\000o\000w\000\040\000S\000o\000l\000u\000t\000i\000o\000n\000s\000,\000\040\000i\000d\000\040\0003\0005}{}% 107
\BOOKMARK [2][-]{subsection.0.72.1}{\376\377\000S\000o\000l\000u\000t\000i\000o\000n\000\040\0000}{section.0.72}% 108
\BOOKMARK [1][-]{section.0.73}{\376\377\000E\000n\000z\000y\000m\000e\000s\000:\000\040\000[\000A\000l\000d\000o\000s\000e\000-\000K\000e\000t\000o\000s\000e\000\040\000-\000t\000e\000x\000t\000g\000r\000e\000a\000t\000e\000r\000\050\0001\000\051\000,\000\040\000A\000l\000d\000o\000l\000a\000s\000e\000\050\0004\000\051\000,\000\040\000P\000h\000o\000p\000h\000o\000h\000y\000d\000r\000o\000l\000a\000s\000e\000\050\0005\000\051\000]\000\040}{}% 109
\BOOKMARK [1][-]{section.0.74}{\376\377\000F\000l\000o\000w\000\040\000S\000o\000l\000u\000t\000i\000o\000n\000s\000,\000\040\000i\000d\000\040\0003\0006}{}% 110
\BOOKMARK [2][-]{subsection.0.74.1}{\376\377\000S\000o\000l\000u\000t\000i\000o\000n\000\040\0000}{section.0.74}% 111
\BOOKMARK [1][-]{section.0.75}{\376\377\000E\000n\000z\000y\000m\000e\000s\000:\000\040\000[\000T\000r\000a\000n\000s\000k\000e\000t\000o\000l\000a\000s\000e\000\050\0002\000\051\000,\000\040\000T\000r\000a\000n\000s\000a\000l\000d\000o\000l\000a\000s\000e\000\050\0003\000\051\000,\000\040\000A\000l\000d\000o\000l\000a\000s\000e\000\050\0004\000\051\000]\000\040}{}% 112
\BOOKMARK [1][-]{section.0.76}{\376\377\000F\000l\000o\000w\000\040\000S\000o\000l\000u\000t\000i\000o\000n\000s\000,\000\040\000i\000d\000\040\0003\0007}{}% 113
\BOOKMARK [2][-]{subsection.0.76.1}{\376\377\000S\000o\000l\000u\000t\000i\000o\000n\000\040\0000}{section.0.76}% 114
\BOOKMARK [1][-]{section.0.77}{\376\377\000E\000n\000z\000y\000m\000e\000s\000:\000\040\000[\000T\000r\000a\000n\000s\000k\000e\000t\000o\000l\000a\000s\000e\000\050\0002\000\051\000,\000\040\000T\000r\000a\000n\000s\000a\000l\000d\000o\000l\000a\000s\000e\000\050\0003\000\051\000,\000\040\000P\000h\000o\000p\000h\000o\000h\000y\000d\000r\000o\000l\000a\000s\000e\000\050\0005\000\051\000]\000\040}{}% 115
\BOOKMARK [1][-]{section.0.78}{\376\377\000F\000l\000o\000w\000\040\000S\000o\000l\000u\000t\000i\000o\000n\000s\000,\000\040\000i\000d\000\040\0003\0008}{}% 116
\BOOKMARK [2][-]{subsection.0.78.1}{\376\377\000S\000o\000l\000u\000t\000i\000o\000n\000\040\0000}{section.0.78}% 117
\BOOKMARK [1][-]{section.0.79}{\376\377\000E\000n\000z\000y\000m\000e\000s\000:\000\040\000[\000T\000r\000a\000n\000s\000k\000e\000t\000o\000l\000a\000s\000e\000\050\0002\000\051\000,\000\040\000A\000l\000d\000o\000l\000a\000s\000e\000\050\0004\000\051\000,\000\040\000P\000h\000o\000p\000h\000o\000h\000y\000d\000r\000o\000l\000a\000s\000e\000\050\0005\000\051\000]\000\040}{}% 118
\BOOKMARK [1][-]{section.0.80}{\376\377\000F\000l\000o\000w\000\040\000S\000o\000l\000u\000t\000i\000o\000n\000s\000,\000\040\000i\000d\000\040\0003\0009}{}% 119
\BOOKMARK [2][-]{subsection.0.80.1}{\376\377\000S\000o\000l\000u\000t\000i\000o\000n\000\040\0000}{section.0.80}% 120
\BOOKMARK [1][-]{section.0.81}{\376\377\000E\000n\000z\000y\000m\000e\000s\000:\000\040\000[\000T\000r\000a\000n\000s\000a\000l\000d\000o\000l\000a\000s\000e\000\050\0003\000\051\000,\000\040\000A\000l\000d\000o\000l\000a\000s\000e\000\050\0004\000\051\000,\000\040\000P\000h\000o\000p\000h\000o\000h\000y\000d\000r\000o\000l\000a\000s\000e\000\050\0005\000\051\000]\000\040}{}% 121
\BOOKMARK [1][-]{section.0.82}{\376\377\000F\000l\000o\000w\000\040\000S\000o\000l\000u\000t\000i\000o\000n\000s\000,\000\040\000i\000d\000\040\0004\0000}{}% 122
\BOOKMARK [2][-]{subsection.0.82.1}{\376\377\000S\000o\000l\000u\000t\000i\000o\000n\000\040\0000}{section.0.82}% 123
\BOOKMARK [1][-]{section.0.83}{\376\377\000E\000n\000z\000y\000m\000e\000s\000:\000\040\000[\000A\000l\000d\000o\000s\000e\000-\000K\000e\000t\000o\000s\000e\000\040\000t\000e\000x\000t\000l\000e\000s\000s\000-\000\050\0000\000\051\000,\000\040\000A\000l\000d\000o\000s\000e\000-\000K\000e\000t\000o\000s\000e\000\040\000-\000t\000e\000x\000t\000g\000r\000e\000a\000t\000e\000r\000\050\0001\000\051\000,\000\040\000T\000r\000a\000n\000s\000k\000e\000t\000o\000l\000a\000s\000e\000\050\0002\000\051\000,\000\040\000T\000r\000a\000n\000s\000a\000l\000d\000o\000l\000a\000s\000e\000\050\0003\000\051\000]\000\040}{}% 124
\BOOKMARK [1][-]{section.0.84}{\376\377\000F\000l\000o\000w\000\040\000S\000o\000l\000u\000t\000i\000o\000n\000s\000,\000\040\000i\000d\000\040\0004\0001}{}% 125
\BOOKMARK [2][-]{subsection.0.84.1}{\376\377\000S\000o\000l\000u\000t\000i\000o\000n\000\040\0000}{section.0.84}% 126
\BOOKMARK [1][-]{section.0.85}{\376\377\000E\000n\000z\000y\000m\000e\000s\000:\000\040\000[\000A\000l\000d\000o\000s\000e\000-\000K\000e\000t\000o\000s\000e\000\040\000t\000e\000x\000t\000l\000e\000s\000s\000-\000\050\0000\000\051\000,\000\040\000A\000l\000d\000o\000s\000e\000-\000K\000e\000t\000o\000s\000e\000\040\000-\000t\000e\000x\000t\000g\000r\000e\000a\000t\000e\000r\000\050\0001\000\051\000,\000\040\000T\000r\000a\000n\000s\000k\000e\000t\000o\000l\000a\000s\000e\000\050\0002\000\051\000,\000\040\000A\000l\000d\000o\000l\000a\000s\000e\000\050\0004\000\051\000]\000\040}{}% 127
\BOOKMARK [1][-]{section.0.86}{\376\377\000F\000l\000o\000w\000\040\000S\000o\000l\000u\000t\000i\000o\000n\000s\000,\000\040\000i\000d\000\040\0004\0002}{}% 128
\BOOKMARK [2][-]{subsection.0.86.1}{\376\377\000S\000o\000l\000u\000t\000i\000o\000n\000\040\0000}{section.0.86}% 129
\BOOKMARK [1][-]{section.0.87}{\376\377\000E\000n\000z\000y\000m\000e\000s\000:\000\040\000[\000A\000l\000d\000o\000s\000e\000-\000K\000e\000t\000o\000s\000e\000\040\000t\000e\000x\000t\000l\000e\000s\000s\000-\000\050\0000\000\051\000,\000\040\000A\000l\000d\000o\000s\000e\000-\000K\000e\000t\000o\000s\000e\000\040\000-\000t\000e\000x\000t\000g\000r\000e\000a\000t\000e\000r\000\050\0001\000\051\000,\000\040\000T\000r\000a\000n\000s\000k\000e\000t\000o\000l\000a\000s\000e\000\050\0002\000\051\000,\000\040\000P\000h\000o\000p\000h\000o\000h\000y\000d\000r\000o\000l\000a\000s\000e\000\050\0005\000\051\000]\000\040}{}% 130
\BOOKMARK [1][-]{section.0.88}{\376\377\000F\000l\000o\000w\000\040\000S\000o\000l\000u\000t\000i\000o\000n\000s\000,\000\040\000i\000d\000\040\0004\0003}{}% 131
\BOOKMARK [2][-]{subsection.0.88.1}{\376\377\000S\000o\000l\000u\000t\000i\000o\000n\000\040\0000}{section.0.88}% 132
\BOOKMARK [1][-]{section.0.89}{\376\377\000E\000n\000z\000y\000m\000e\000s\000:\000\040\000[\000A\000l\000d\000o\000s\000e\000-\000K\000e\000t\000o\000s\000e\000\040\000t\000e\000x\000t\000l\000e\000s\000s\000-\000\050\0000\000\051\000,\000\040\000A\000l\000d\000o\000s\000e\000-\000K\000e\000t\000o\000s\000e\000\040\000-\000t\000e\000x\000t\000g\000r\000e\000a\000t\000e\000r\000\050\0001\000\051\000,\000\040\000T\000r\000a\000n\000s\000a\000l\000d\000o\000l\000a\000s\000e\000\050\0003\000\051\000,\000\040\000A\000l\000d\000o\000l\000a\000s\000e\000\050\0004\000\051\000]\000\040}{}% 133
\BOOKMARK [1][-]{section.0.90}{\376\377\000F\000l\000o\000w\000\040\000S\000o\000l\000u\000t\000i\000o\000n\000s\000,\000\040\000i\000d\000\040\0004\0004}{}% 134
\BOOKMARK [2][-]{subsection.0.90.1}{\376\377\000S\000o\000l\000u\000t\000i\000o\000n\000\040\0000}{section.0.90}% 135
\BOOKMARK [1][-]{section.0.91}{\376\377\000E\000n\000z\000y\000m\000e\000s\000:\000\040\000[\000A\000l\000d\000o\000s\000e\000-\000K\000e\000t\000o\000s\000e\000\040\000t\000e\000x\000t\000l\000e\000s\000s\000-\000\050\0000\000\051\000,\000\040\000A\000l\000d\000o\000s\000e\000-\000K\000e\000t\000o\000s\000e\000\040\000-\000t\000e\000x\000t\000g\000r\000e\000a\000t\000e\000r\000\050\0001\000\051\000,\000\040\000T\000r\000a\000n\000s\000a\000l\000d\000o\000l\000a\000s\000e\000\050\0003\000\051\000,\000\040\000P\000h\000o\000p\000h\000o\000h\000y\000d\000r\000o\000l\000a\000s\000e\000\050\0005\000\051\000]\000\040}{}% 136
\BOOKMARK [1][-]{section.0.92}{\376\377\000F\000l\000o\000w\000\040\000S\000o\000l\000u\000t\000i\000o\000n\000s\000,\000\040\000i\000d\000\040\0004\0005}{}% 137
\BOOKMARK [2][-]{subsection.0.92.1}{\376\377\000S\000o\000l\000u\000t\000i\000o\000n\000\040\0000}{section.0.92}% 138
\BOOKMARK [1][-]{section.0.93}{\376\377\000E\000n\000z\000y\000m\000e\000s\000:\000\040\000[\000A\000l\000d\000o\000s\000e\000-\000K\000e\000t\000o\000s\000e\000\040\000t\000e\000x\000t\000l\000e\000s\000s\000-\000\050\0000\000\051\000,\000\040\000A\000l\000d\000o\000s\000e\000-\000K\000e\000t\000o\000s\000e\000\040\000-\000t\000e\000x\000t\000g\000r\000e\000a\000t\000e\000r\000\050\0001\000\051\000,\000\040\000A\000l\000d\000o\000l\000a\000s\000e\000\050\0004\000\051\000,\000\040\000P\000h\000o\000p\000h\000o\000h\000y\000d\000r\000o\000l\000a\000s\000e\000\050\0005\000\051\000]\000\040}{}% 139
\BOOKMARK [1][-]{section.0.94}{\376\377\000F\000l\000o\000w\000\040\000S\000o\000l\000u\000t\000i\000o\000n\000s\000,\000\040\000i\000d\000\040\0004\0006}{}% 140
\BOOKMARK [2][-]{subsection.0.94.1}{\376\377\000S\000o\000l\000u\000t\000i\000o\000n\000\040\0000}{section.0.94}% 141
\BOOKMARK [1][-]{section.0.95}{\376\377\000E\000n\000z\000y\000m\000e\000s\000:\000\040\000[\000A\000l\000d\000o\000s\000e\000-\000K\000e\000t\000o\000s\000e\000\040\000t\000e\000x\000t\000l\000e\000s\000s\000-\000\050\0000\000\051\000,\000\040\000T\000r\000a\000n\000s\000k\000e\000t\000o\000l\000a\000s\000e\000\050\0002\000\051\000,\000\040\000T\000r\000a\000n\000s\000a\000l\000d\000o\000l\000a\000s\000e\000\050\0003\000\051\000,\000\040\000A\000l\000d\000o\000l\000a\000s\000e\000\050\0004\000\051\000]\000\040}{}% 142
\BOOKMARK [1][-]{section.0.96}{\376\377\000F\000l\000o\000w\000\040\000S\000o\000l\000u\000t\000i\000o\000n\000s\000,\000\040\000i\000d\000\040\0004\0007}{}% 143
\BOOKMARK [2][-]{subsection.0.96.1}{\376\377\000S\000o\000l\000u\000t\000i\000o\000n\000\040\0000}{section.0.96}% 144
\BOOKMARK [1][-]{section.0.97}{\376\377\000E\000n\000z\000y\000m\000e\000s\000:\000\040\000[\000A\000l\000d\000o\000s\000e\000-\000K\000e\000t\000o\000s\000e\000\040\000t\000e\000x\000t\000l\000e\000s\000s\000-\000\050\0000\000\051\000,\000\040\000T\000r\000a\000n\000s\000k\000e\000t\000o\000l\000a\000s\000e\000\050\0002\000\051\000,\000\040\000T\000r\000a\000n\000s\000a\000l\000d\000o\000l\000a\000s\000e\000\050\0003\000\051\000,\000\040\000P\000h\000o\000p\000h\000o\000h\000y\000d\000r\000o\000l\000a\000s\000e\000\050\0005\000\051\000]\000\040}{}% 145
\BOOKMARK [1][-]{section.0.98}{\376\377\000F\000l\000o\000w\000\040\000S\000o\000l\000u\000t\000i\000o\000n\000s\000,\000\040\000i\000d\000\040\0004\0008}{}% 146
\BOOKMARK [2][-]{subsection.0.98.1}{\376\377\000S\000o\000l\000u\000t\000i\000o\000n\000\040\0000}{section.0.98}% 147
\BOOKMARK [1][-]{section.0.99}{\376\377\000E\000n\000z\000y\000m\000e\000s\000:\000\040\000[\000A\000l\000d\000o\000s\000e\000-\000K\000e\000t\000o\000s\000e\000\040\000t\000e\000x\000t\000l\000e\000s\000s\000-\000\050\0000\000\051\000,\000\040\000T\000r\000a\000n\000s\000k\000e\000t\000o\000l\000a\000s\000e\000\050\0002\000\051\000,\000\040\000A\000l\000d\000o\000l\000a\000s\000e\000\050\0004\000\051\000,\000\040\000P\000h\000o\000p\000h\000o\000h\000y\000d\000r\000o\000l\000a\000s\000e\000\050\0005\000\051\000]\000\040}{}% 148
\BOOKMARK [1][-]{section.0.100}{\376\377\000F\000l\000o\000w\000\040\000S\000o\000l\000u\000t\000i\000o\000n\000s\000,\000\040\000i\000d\000\040\0004\0009}{}% 149
\BOOKMARK [2][-]{subsection.0.100.1}{\376\377\000S\000o\000l\000u\000t\000i\000o\000n\000\040\0000}{section.0.100}% 150
\BOOKMARK [1][-]{section.0.101}{\376\377\000E\000n\000z\000y\000m\000e\000s\000:\000\040\000[\000A\000l\000d\000o\000s\000e\000-\000K\000e\000t\000o\000s\000e\000\040\000t\000e\000x\000t\000l\000e\000s\000s\000-\000\050\0000\000\051\000,\000\040\000T\000r\000a\000n\000s\000a\000l\000d\000o\000l\000a\000s\000e\000\050\0003\000\051\000,\000\040\000A\000l\000d\000o\000l\000a\000s\000e\000\050\0004\000\051\000,\000\040\000P\000h\000o\000p\000h\000o\000h\000y\000d\000r\000o\000l\000a\000s\000e\000\050\0005\000\051\000]\000\040}{}% 151
\BOOKMARK [1][-]{section.0.102}{\376\377\000F\000l\000o\000w\000\040\000S\000o\000l\000u\000t\000i\000o\000n\000s\000,\000\040\000i\000d\000\040\0005\0000}{}% 152
\BOOKMARK [2][-]{subsection.0.102.1}{\376\377\000S\000o\000l\000u\000t\000i\000o\000n\000\040\0000}{section.0.102}% 153
\BOOKMARK [1][-]{section.0.103}{\376\377\000E\000n\000z\000y\000m\000e\000s\000:\000\040\000[\000A\000l\000d\000o\000s\000e\000-\000K\000e\000t\000o\000s\000e\000\040\000-\000t\000e\000x\000t\000g\000r\000e\000a\000t\000e\000r\000\050\0001\000\051\000,\000\040\000T\000r\000a\000n\000s\000k\000e\000t\000o\000l\000a\000s\000e\000\050\0002\000\051\000,\000\040\000T\000r\000a\000n\000s\000a\000l\000d\000o\000l\000a\000s\000e\000\050\0003\000\051\000,\000\040\000A\000l\000d\000o\000l\000a\000s\000e\000\050\0004\000\051\000]\000\040}{}% 154
\BOOKMARK [1][-]{section.0.104}{\376\377\000F\000l\000o\000w\000\040\000S\000o\000l\000u\000t\000i\000o\000n\000s\000,\000\040\000i\000d\000\040\0005\0001}{}% 155
\BOOKMARK [2][-]{subsection.0.104.1}{\376\377\000S\000o\000l\000u\000t\000i\000o\000n\000\040\0000}{section.0.104}% 156
\BOOKMARK [1][-]{section.0.105}{\376\377\000E\000n\000z\000y\000m\000e\000s\000:\000\040\000[\000A\000l\000d\000o\000s\000e\000-\000K\000e\000t\000o\000s\000e\000\040\000-\000t\000e\000x\000t\000g\000r\000e\000a\000t\000e\000r\000\050\0001\000\051\000,\000\040\000T\000r\000a\000n\000s\000k\000e\000t\000o\000l\000a\000s\000e\000\050\0002\000\051\000,\000\040\000T\000r\000a\000n\000s\000a\000l\000d\000o\000l\000a\000s\000e\000\050\0003\000\051\000,\000\040\000P\000h\000o\000p\000h\000o\000h\000y\000d\000r\000o\000l\000a\000s\000e\000\050\0005\000\051\000]\000\040}{}% 157
\BOOKMARK [1][-]{section.0.106}{\376\377\000F\000l\000o\000w\000\040\000S\000o\000l\000u\000t\000i\000o\000n\000s\000,\000\040\000i\000d\000\040\0005\0002}{}% 158
\BOOKMARK [2][-]{subsection.0.106.1}{\376\377\000S\000o\000l\000u\000t\000i\000o\000n\000\040\0000}{section.0.106}% 159
\BOOKMARK [1][-]{section.0.107}{\376\377\000E\000n\000z\000y\000m\000e\000s\000:\000\040\000[\000A\000l\000d\000o\000s\000e\000-\000K\000e\000t\000o\000s\000e\000\040\000-\000t\000e\000x\000t\000g\000r\000e\000a\000t\000e\000r\000\050\0001\000\051\000,\000\040\000T\000r\000a\000n\000s\000k\000e\000t\000o\000l\000a\000s\000e\000\050\0002\000\051\000,\000\040\000A\000l\000d\000o\000l\000a\000s\000e\000\050\0004\000\051\000,\000\040\000P\000h\000o\000p\000h\000o\000h\000y\000d\000r\000o\000l\000a\000s\000e\000\050\0005\000\051\000]\000\040}{}% 160
\BOOKMARK [1][-]{section.0.108}{\376\377\000F\000l\000o\000w\000\040\000S\000o\000l\000u\000t\000i\000o\000n\000s\000,\000\040\000i\000d\000\040\0005\0003}{}% 161
\BOOKMARK [2][-]{subsection.0.108.1}{\376\377\000S\000o\000l\000u\000t\000i\000o\000n\000\040\0000}{section.0.108}% 162
\BOOKMARK [1][-]{section.0.109}{\376\377\000E\000n\000z\000y\000m\000e\000s\000:\000\040\000[\000A\000l\000d\000o\000s\000e\000-\000K\000e\000t\000o\000s\000e\000\040\000-\000t\000e\000x\000t\000g\000r\000e\000a\000t\000e\000r\000\050\0001\000\051\000,\000\040\000T\000r\000a\000n\000s\000a\000l\000d\000o\000l\000a\000s\000e\000\050\0003\000\051\000,\000\040\000A\000l\000d\000o\000l\000a\000s\000e\000\050\0004\000\051\000,\000\040\000P\000h\000o\000p\000h\000o\000h\000y\000d\000r\000o\000l\000a\000s\000e\000\050\0005\000\051\000]\000\040}{}% 163
\BOOKMARK [1][-]{section.0.110}{\376\377\000F\000l\000o\000w\000\040\000S\000o\000l\000u\000t\000i\000o\000n\000s\000,\000\040\000i\000d\000\040\0005\0004}{}% 164
\BOOKMARK [2][-]{subsection.0.110.1}{\376\377\000S\000o\000l\000u\000t\000i\000o\000n\000\040\0000}{section.0.110}% 165
\BOOKMARK [1][-]{section.0.111}{\376\377\000E\000n\000z\000y\000m\000e\000s\000:\000\040\000[\000T\000r\000a\000n\000s\000k\000e\000t\000o\000l\000a\000s\000e\000\050\0002\000\051\000,\000\040\000T\000r\000a\000n\000s\000a\000l\000d\000o\000l\000a\000s\000e\000\050\0003\000\051\000,\000\040\000A\000l\000d\000o\000l\000a\000s\000e\000\050\0004\000\051\000,\000\040\000P\000h\000o\000p\000h\000o\000h\000y\000d\000r\000o\000l\000a\000s\000e\000\050\0005\000\051\000]\000\040}{}% 166
\BOOKMARK [1][-]{section.0.112}{\376\377\000F\000l\000o\000w\000\040\000S\000o\000l\000u\000t\000i\000o\000n\000s\000,\000\040\000i\000d\000\040\0005\0005}{}% 167
\BOOKMARK [2][-]{subsection.0.112.1}{\376\377\000S\000o\000l\000u\000t\000i\000o\000n\000\040\0000}{section.0.112}% 168
\BOOKMARK [1][-]{section.0.113}{\376\377\000E\000n\000z\000y\000m\000e\000s\000:\000\040\000[\000A\000l\000d\000o\000s\000e\000-\000K\000e\000t\000o\000s\000e\000\040\000t\000e\000x\000t\000l\000e\000s\000s\000-\000\050\0000\000\051\000,\000\040\000A\000l\000d\000o\000s\000e\000-\000K\000e\000t\000o\000s\000e\000\040\000-\000t\000e\000x\000t\000g\000r\000e\000a\000t\000e\000r\000\050\0001\000\051\000,\000\040\000T\000r\000a\000n\000s\000k\000e\000t\000o\000l\000a\000s\000e\000\050\0002\000\051\000,\000\040\000T\000r\000a\000n\000s\000a\000l\000d\000o\000l\000a\000s\000e\000\050\0003\000\051\000,\000\040\000A\000l\000d\000o\000l\000a\000s\000e\000\050\0004\000\051\000]\000\040}{}% 169
\BOOKMARK [1][-]{section.0.114}{\376\377\000F\000l\000o\000w\000\040\000S\000o\000l\000u\000t\000i\000o\000n\000s\000,\000\040\000i\000d\000\040\0005\0006}{}% 170
\BOOKMARK [2][-]{subsection.0.114.1}{\376\377\000S\000o\000l\000u\000t\000i\000o\000n\000\040\0000}{section.0.114}% 171
\BOOKMARK [1][-]{section.0.115}{\376\377\000E\000n\000z\000y\000m\000e\000s\000:\000\040\000[\000A\000l\000d\000o\000s\000e\000-\000K\000e\000t\000o\000s\000e\000\040\000t\000e\000x\000t\000l\000e\000s\000s\000-\000\050\0000\000\051\000,\000\040\000A\000l\000d\000o\000s\000e\000-\000K\000e\000t\000o\000s\000e\000\040\000-\000t\000e\000x\000t\000g\000r\000e\000a\000t\000e\000r\000\050\0001\000\051\000,\000\040\000T\000r\000a\000n\000s\000k\000e\000t\000o\000l\000a\000s\000e\000\050\0002\000\051\000,\000\040\000T\000r\000a\000n\000s\000a\000l\000d\000o\000l\000a\000s\000e\000\050\0003\000\051\000,\000\040\000P\000h\000o\000p\000h\000o\000h\000y\000d\000r\000o\000l\000a\000s\000e\000\050\0005\000\051\000]\000\040}{}% 172
\BOOKMARK [1][-]{section.0.116}{\376\377\000F\000l\000o\000w\000\040\000S\000o\000l\000u\000t\000i\000o\000n\000s\000,\000\040\000i\000d\000\040\0005\0007}{}% 173
\BOOKMARK [2][-]{subsection.0.116.1}{\376\377\000S\000o\000l\000u\000t\000i\000o\000n\000\040\0000}{section.0.116}% 174
\BOOKMARK [1][-]{section.0.117}{\376\377\000E\000n\000z\000y\000m\000e\000s\000:\000\040\000[\000A\000l\000d\000o\000s\000e\000-\000K\000e\000t\000o\000s\000e\000\040\000t\000e\000x\000t\000l\000e\000s\000s\000-\000\050\0000\000\051\000,\000\040\000A\000l\000d\000o\000s\000e\000-\000K\000e\000t\000o\000s\000e\000\040\000-\000t\000e\000x\000t\000g\000r\000e\000a\000t\000e\000r\000\050\0001\000\051\000,\000\040\000T\000r\000a\000n\000s\000k\000e\000t\000o\000l\000a\000s\000e\000\050\0002\000\051\000,\000\040\000A\000l\000d\000o\000l\000a\000s\000e\000\050\0004\000\051\000,\000\040\000P\000h\000o\000p\000h\000o\000h\000y\000d\000r\000o\000l\000a\000s\000e\000\050\0005\000\051\000]\000\040}{}% 175
\BOOKMARK [1][-]{section.0.118}{\376\377\000F\000l\000o\000w\000\040\000S\000o\000l\000u\000t\000i\000o\000n\000s\000,\000\040\000i\000d\000\040\0005\0008}{}% 176
\BOOKMARK [2][-]{subsection.0.118.1}{\376\377\000S\000o\000l\000u\000t\000i\000o\000n\000\040\0000}{section.0.118}% 177
\BOOKMARK [1][-]{section.0.119}{\376\377\000E\000n\000z\000y\000m\000e\000s\000:\000\040\000[\000A\000l\000d\000o\000s\000e\000-\000K\000e\000t\000o\000s\000e\000\040\000t\000e\000x\000t\000l\000e\000s\000s\000-\000\050\0000\000\051\000,\000\040\000A\000l\000d\000o\000s\000e\000-\000K\000e\000t\000o\000s\000e\000\040\000-\000t\000e\000x\000t\000g\000r\000e\000a\000t\000e\000r\000\050\0001\000\051\000,\000\040\000T\000r\000a\000n\000s\000a\000l\000d\000o\000l\000a\000s\000e\000\050\0003\000\051\000,\000\040\000A\000l\000d\000o\000l\000a\000s\000e\000\050\0004\000\051\000,\000\040\000P\000h\000o\000p\000h\000o\000h\000y\000d\000r\000o\000l\000a\000s\000e\000\050\0005\000\051\000]\000\040}{}% 178
\BOOKMARK [1][-]{section.0.120}{\376\377\000F\000l\000o\000w\000\040\000S\000o\000l\000u\000t\000i\000o\000n\000s\000,\000\040\000i\000d\000\040\0005\0009}{}% 179
\BOOKMARK [2][-]{subsection.0.120.1}{\376\377\000S\000o\000l\000u\000t\000i\000o\000n\000\040\0000}{section.0.120}% 180
\BOOKMARK [1][-]{section.0.121}{\376\377\000E\000n\000z\000y\000m\000e\000s\000:\000\040\000[\000A\000l\000d\000o\000s\000e\000-\000K\000e\000t\000o\000s\000e\000\040\000t\000e\000x\000t\000l\000e\000s\000s\000-\000\050\0000\000\051\000,\000\040\000T\000r\000a\000n\000s\000k\000e\000t\000o\000l\000a\000s\000e\000\050\0002\000\051\000,\000\040\000T\000r\000a\000n\000s\000a\000l\000d\000o\000l\000a\000s\000e\000\050\0003\000\051\000,\000\040\000A\000l\000d\000o\000l\000a\000s\000e\000\050\0004\000\051\000,\000\040\000P\000h\000o\000p\000h\000o\000h\000y\000d\000r\000o\000l\000a\000s\000e\000\050\0005\000\051\000]\000\040}{}% 181
\BOOKMARK [1][-]{section.0.122}{\376\377\000F\000l\000o\000w\000\040\000S\000o\000l\000u\000t\000i\000o\000n\000s\000,\000\040\000i\000d\000\040\0006\0000}{}% 182
\BOOKMARK [2][-]{subsection.0.122.1}{\376\377\000S\000o\000l\000u\000t\000i\000o\000n\000\040\0000}{section.0.122}% 183
\BOOKMARK [1][-]{section.0.123}{\376\377\000E\000n\000z\000y\000m\000e\000s\000:\000\040\000[\000A\000l\000d\000o\000s\000e\000-\000K\000e\000t\000o\000s\000e\000\040\000-\000t\000e\000x\000t\000g\000r\000e\000a\000t\000e\000r\000\050\0001\000\051\000,\000\040\000T\000r\000a\000n\000s\000k\000e\000t\000o\000l\000a\000s\000e\000\050\0002\000\051\000,\000\040\000T\000r\000a\000n\000s\000a\000l\000d\000o\000l\000a\000s\000e\000\050\0003\000\051\000,\000\040\000A\000l\000d\000o\000l\000a\000s\000e\000\050\0004\000\051\000,\000\040\000P\000h\000o\000p\000h\000o\000h\000y\000d\000r\000o\000l\000a\000s\000e\000\050\0005\000\051\000]\000\040}{}% 184
\BOOKMARK [1][-]{section.0.124}{\376\377\000F\000l\000o\000w\000\040\000S\000o\000l\000u\000t\000i\000o\000n\000s\000,\000\040\000i\000d\000\040\0006\0001}{}% 185
\BOOKMARK [2][-]{subsection.0.124.1}{\376\377\000S\000o\000l\000u\000t\000i\000o\000n\000\040\0000}{section.0.124}% 186
\BOOKMARK [1][-]{section.0.125}{\376\377\000E\000n\000z\000y\000m\000e\000s\000:\000\040\000[\000A\000l\000d\000o\000s\000e\000-\000K\000e\000t\000o\000s\000e\000\040\000t\000e\000x\000t\000l\000e\000s\000s\000-\000\050\0000\000\051\000,\000\040\000A\000l\000d\000o\000s\000e\000-\000K\000e\000t\000o\000s\000e\000\040\000-\000t\000e\000x\000t\000g\000r\000e\000a\000t\000e\000r\000\050\0001\000\051\000,\000\040\000T\000r\000a\000n\000s\000k\000e\000t\000o\000l\000a\000s\000e\000\050\0002\000\051\000,\000\040\000T\000r\000a\000n\000s\000a\000l\000d\000o\000l\000a\000s\000e\000\050\0003\000\051\000,\000\040\000A\000l\000d\000o\000l\000a\000s\000e\000\050\0004\000\051\000,\000\040\000P\000h\000o\000p\000h\000o\000h\000y\000d\000r\000o\000l\000a\000s\000e\000\050\0005\000\051\000]\000\040}{}% 187
\BOOKMARK [1][-]{section.0.126}{\376\377\000F\000l\000o\000w\000\040\000S\000o\000l\000u\000t\000i\000o\000n\000s\000,\000\040\000i\000d\000\040\0006\0002}{}% 188
\BOOKMARK [2][-]{subsection.0.126.1}{\376\377\000S\000o\000l\000u\000t\000i\000o\000n\000\040\0000}{section.0.126}% 189
